<?xml version="1.0" encoding="UTF-8"?>
<!-- Generated by org.testng.reporters.JUnitReportReporter -->
<testsuite hostname="Padmanathan" failures="0" tests="2" name="org.bookswagon.testclass.TestClass" time="33.341" errors="0" timestamp="11 Sep 2024 12:08:46 GMT" skipped="0">
  <testcase classname="org.bookswagon.testclass.TestClass" name="tc01" time="6.791"/>
  <testcase classname="org.bookswagon.testclass.TestClass" name="tc02" time="26.550"/>
</testsuite> <!-- org.bookswagon.testclass.TestClass -->
